<?xml version="1.0" encoding="UTF-8"?>
<robot generator="Robot 3.2.1 (Python 3.8.3 on win32)" generated="20200712 20:59:45.776" rpa="false">
<suite id="s1" name="TC020 Json" source="C:\PycharmProjects\RobotAutomation1\TestCasesAdvanced\TC020_Json.robot">
<test id="s1-t1" name="TC_001 Testing Services">
<kw name="Open Browser" library="SeleniumLibrary">
<doc>Opens a new browser instance to the optional ``url``.</doc>
<arguments>
<arg>${URL}</arg>
<arg>${Browser}</arg>
</arguments>
<msg timestamp="20200712 20:59:46.739" level="INFO">Opening browser 'Chrome' to base url 'http://www.thetestingworld.com/testings'.</msg>
<status status="PASS" starttime="20200712 20:59:46.738" endtime="20200712 21:00:03.941"></status>
</kw>
<kw name="Maximize Browser Window" library="SeleniumLibrary">
<doc>Maximizes current browser window.</doc>
<status status="PASS" starttime="20200712 21:00:03.943" endtime="20200712 21:00:08.189"></status>
</kw>
<kw name="Read Element Locator">
<arguments>
<arg>Registration.myusername_text_name</arg>
</arguments>
<assign>
<var>${username}</var>
</assign>
<kw name="Read Locators" library="ReadLocators">
<arguments>
<arg>${Element}</arg>
</arguments>
<assign>
<var>${JsonElement}</var>
</assign>
<msg timestamp="20200712 21:00:08.194" level="INFO">${JsonElement} = fld_username</msg>
<status status="PASS" starttime="20200712 21:00:08.191" endtime="20200712 21:00:08.194"></status>
</kw>
<msg timestamp="20200712 21:00:08.194" level="INFO">${username} = fld_username</msg>
<status status="PASS" starttime="20200712 21:00:08.190" endtime="20200712 21:00:08.194"></status>
</kw>
<kw name="Input Text" library="SeleniumLibrary">
<doc>Types the given ``text`` into the text field identified by ``locator``.</doc>
<arguments>
<arg>name:${username}</arg>
<arg>Tipendar</arg>
</arguments>
<msg timestamp="20200712 21:00:08.195" level="INFO">Typing text 'Tipendar' into text field 'name:fld_username'.</msg>
<status status="PASS" starttime="20200712 21:00:08.195" endtime="20200712 21:00:08.522"></status>
</kw>
<kw name="Read Element Locator">
<arguments>
<arg>Registration.email_text_name</arg>
</arguments>
<assign>
<var>${email}</var>
</assign>
<kw name="Read Locators" library="ReadLocators">
<arguments>
<arg>${Element}</arg>
</arguments>
<assign>
<var>${JsonElement}</var>
</assign>
<msg timestamp="20200712 21:00:08.526" level="INFO">${JsonElement} = fld_email</msg>
<status status="PASS" starttime="20200712 21:00:08.524" endtime="20200712 21:00:08.526"></status>
</kw>
<msg timestamp="20200712 21:00:08.527" level="INFO">${email} = fld_email</msg>
<status status="PASS" starttime="20200712 21:00:08.523" endtime="20200712 21:00:08.527"></status>
</kw>
<kw name="Input Text" library="SeleniumLibrary">
<doc>Types the given ``text`` into the text field identified by ``locator``.</doc>
<arguments>
<arg>name:${email}</arg>
<arg>abc@gmail.com</arg>
</arguments>
<msg timestamp="20200712 21:00:08.528" level="INFO">Typing text 'abc@gmail.com' into text field 'name:fld_email'.</msg>
<status status="PASS" starttime="20200712 21:00:08.528" endtime="20200712 21:00:08.822"></status>
</kw>
<kw name="Read Element Locator">
<arguments>
<arg>Registration.password_text_name</arg>
</arguments>
<assign>
<var>${password}</var>
</assign>
<kw name="Read Locators" library="ReadLocators">
<arguments>
<arg>${Element}</arg>
</arguments>
<assign>
<var>${JsonElement}</var>
</assign>
<msg timestamp="20200712 21:00:08.827" level="INFO">${JsonElement} = fld_password</msg>
<status status="PASS" starttime="20200712 21:00:08.825" endtime="20200712 21:00:08.827"></status>
</kw>
<msg timestamp="20200712 21:00:08.827" level="INFO">${password} = fld_password</msg>
<status status="PASS" starttime="20200712 21:00:08.824" endtime="20200712 21:00:08.827"></status>
</kw>
<kw name="Clear Element Text" library="SeleniumLibrary">
<doc>Clears the value of the text-input-element identified by ``locator``.</doc>
<arguments>
<arg>name:${password}</arg>
</arguments>
<status status="PASS" starttime="20200712 21:00:08.828" endtime="20200712 21:00:08.890"></status>
</kw>
<kw name="Input Text" library="SeleniumLibrary">
<doc>Types the given ``text`` into the text field identified by ``locator``.</doc>
<arguments>
<arg>name:${password}</arg>
<arg>abc123</arg>
</arguments>
<msg timestamp="20200712 21:00:08.892" level="INFO">Typing text 'abc123' into text field 'name:fld_password'.</msg>
<status status="PASS" starttime="20200712 21:00:08.891" endtime="20200712 21:00:09.071"></status>
</kw>
<kw name="Read Element Locator">
<arguments>
<arg>Registration.Confirm_password_text_name</arg>
</arguments>
<assign>
<var>${cpassword}</var>
</assign>
<kw name="Read Locators" library="ReadLocators">
<arguments>
<arg>${Element}</arg>
</arguments>
<assign>
<var>${JsonElement}</var>
</assign>
<msg timestamp="20200712 21:00:09.075" level="INFO">${JsonElement} = fld_cpassword</msg>
<status status="PASS" starttime="20200712 21:00:09.074" endtime="20200712 21:00:09.076"></status>
</kw>
<msg timestamp="20200712 21:00:09.076" level="INFO">${cpassword} = fld_cpassword</msg>
<status status="PASS" starttime="20200712 21:00:09.072" endtime="20200712 21:00:09.076"></status>
</kw>
<kw name="Input Text" library="SeleniumLibrary">
<doc>Types the given ``text`` into the text field identified by ``locator``.</doc>
<arguments>
<arg>name:${cpassword}</arg>
<arg>abc123</arg>
</arguments>
<msg timestamp="20200712 21:00:09.078" level="INFO">Typing text 'abc123' into text field 'name:fld_cpassword'.</msg>
<status status="PASS" starttime="20200712 21:00:09.077" endtime="20200712 21:00:09.236"></status>
</kw>
<status status="PASS" starttime="20200712 20:59:46.737" endtime="20200712 21:00:09.239" critical="yes"></status>
</test>
<status status="PASS" starttime="20200712 20:59:45.784" endtime="20200712 21:00:09.241"></status>
</suite>
<statistics>
<total>
<stat pass="1" fail="0">Critical Tests</stat>
<stat pass="1" fail="0">All Tests</stat>
</total>
<tag>
</tag>
<suite>
<stat pass="1" fail="0" id="s1" name="TC020 Json">TC020 Json</stat>
</suite>
</statistics>
<errors>
</errors>
</robot>
